<?xml version="1.0" encoding="UTF-8"?>
<!-- Generated by org.testng.reporters.JUnitReportReporter -->
<testsuite name="runner.Signuprunner" tests="2" time="95.190" ignored="0" failures="0" timestamp="12 Sep 2017 15:58:19 GMT" skipped="0" hostname="KeshavPC" errors="0">
  <testcase name="feature" time="63.428" classname="runner.Signuprunner"/>
  <testcase name="feature" time="31.762" classname="runner.Signuprunner"/>
</testsuite> <!-- runner.Signuprunner -->
