<?xml version="1.0" encoding="UTF-8"?>
<!-- Generated by org.testng.reporters.JUnitReportReporter -->
<testsuite name="runner.Loginrunner" tests="2" time="221.311" ignored="0" failures="0" timestamp="22 Oct 2017 05:02:30 GMT" skipped="0" hostname="KeshavPC" errors="0">
  <testcase name="feature" time="120.073" classname="runner.Loginrunner"/>
  <testcase name="feature" time="101.238" classname="runner.Loginrunner"/>
</testsuite> <!-- runner.Loginrunner -->
