<?xml version="1.0" encoding="UTF-8"?>
<!-- Generated by org.testng.reporters.JUnitReportReporter -->
<testsuite skipped="0" hostname="KeshavPC" name="runner.CheckoutpageRunner" tests="2" failures="0" timestamp="19 Nov 2017 10:53:08 GMT" time="9.287" errors="0">
  <testcase name="feature" time="9.276" classname="runner.CheckoutpageRunner"/>
  <testcase name="feature" time="0.011" classname="runner.CheckoutpageRunner"/>
</testsuite> <!-- runner.CheckoutpageRunner -->
