<?xml version="1.0" encoding="UTF-8"?>
<!-- Generated by org.testng.reporters.JUnitReportReporter -->
<testsuite skipped="0" hostname="KeshavPC" name="runner.ProjectRunner" tests="2" failures="0" timestamp="01 Apr 2018 09:10:15 GMT" time="84.112" errors="0">
  <testcase name="feature" time="33.444" classname="runner.ProjectRunner"/>
  <testcase name="feature" time="50.668" classname="runner.ProjectRunner"/>
</testsuite> <!-- runner.ProjectRunner -->
